Build started 11/05/2017 02:32:52.
     1>Project "C:\Users\joemo\OneDrive\Documents\CPP_CW2016\src\CourseworkBase.vcxproj" on node 2 (Build target(s)).
     1>ClCompile:
         C:\Program Files (x86)\Microsoft Visual Studio 12.0\VC\bin\CL.exe /c /I..\SDL\include /ZI /nologo /W1 /WX- /Od /Oy- /Gm- /EHsc /MD /GS /fp:precise /Zc:wchar_t /Zc:forScope /Fo"C:\Users\joemo\OneDrive\Documents\CPP_CW2016\/Debug\\" /Fd"C:\Users\joemo\OneDrive\Documents\CPP_CW2016\/Debug\vc120.pdb" /FR"C:\Users\joemo\OneDrive\Documents\CPP_CW2016\/Debug\\" /Gd /TP /analyze- /errorReport:prompt TDBaseTower.cpp TDPlayState.cpp
         TDBaseTower.cpp
         TDPlayState.cpp
         Generating Code...
       Link:
         C:\Program Files (x86)\Microsoft Visual Studio 12.0\VC\bin\link.exe /ERRORREPORT:PROMPT /OUT:"C:\Users\joemo\OneDrive\Documents\CPP_CW2016\/Debug\CourseworkBase.exe" /NOLOGO /LIBPATH:..\SDL\libx86 SDL2.lib SDL2main.lib SDL2_image.lib SDL2_ttf.lib kernel32.lib user32.lib gdi32.lib winspool.lib comdlg32.lib advapi32.lib shell32.lib ole32.lib oleaut32.lib uuid.lib odbc32.lib odbccp32.lib /MANIFEST /MANIFESTUAC:"level='asInvoker' uiAccess='false'" /manifest:embed /DEBUG /PDB:"C:\Users\joemo\OneDrive\Documents\CPP_CW2016\/Debug\CourseworkBase.pdb" /MAP:"map" /SUBSYSTEM:CONSOLE /TLBID:1 /ENTRY:"mainCRTStartup" /DYNAMICBASE:NO /IMPLIB:"C:\Users\joemo\OneDrive\Documents\CPP_CW2016\/Debug\CourseworkBase.lib" /MACHINE:X86 /SAFESEH C:\Users\joemo\OneDrive\Documents\CPP_CW2016\/Debug\DemoBObject.obj
         C:\Users\joemo\OneDrive\Documents\CPP_CW2016\/Debug\mainfunction.obj
         C:\Users\joemo\OneDrive\Documents\CPP_CW2016\/Debug\BaseEngine.obj
         C:\Users\joemo\OneDrive\Documents\CPP_CW2016\/Debug\DisplayableObject.obj
         C:\Users\joemo\OneDrive\Documents\CPP_CW2016\/Debug\FontManager.obj
         C:\Users\joemo\OneDrive\Documents\CPP_CW2016\/Debug\JPGImage.obj
         C:\Users\joemo\OneDrive\Documents\CPP_CW2016\/Debug\Psyjm6Enemy.obj
         C:\Users\joemo\OneDrive\Documents\CPP_CW2016\/Debug\Psyjm6EnemySphere.obj
         C:\Users\joemo\OneDrive\Documents\CPP_CW2016\/Debug\Psyjm6Engine.obj
         C:\Users\joemo\OneDrive\Documents\CPP_CW2016\/Debug\Psyjm6Player.obj
         C:\Users\joemo\OneDrive\Documents\CPP_CW2016\/Debug\Psyjm6TileManager.obj
         C:\Users\joemo\OneDrive\Documents\CPP_CW2016\/Debug\SimpleDemo.obj
         C:\Users\joemo\OneDrive\Documents\CPP_CW2016\/Debug\TDBaseEnemy.obj
         C:\Users\joemo\OneDrive\Documents\CPP_CW2016\/Debug\TDBaseTower.obj
         C:\Users\joemo\OneDrive\Documents\CPP_CW2016\/Debug\TDBullet.obj
         C:\Users\joemo\OneDrive\Documents\CPP_CW2016\/Debug\TDFastEnemy.obj
         C:\Users\joemo\OneDrive\Documents\CPP_CW2016\/Debug\TDHelpState.obj
         C:\Users\joemo\OneDrive\Documents\CPP_CW2016\/Debug\TDIntroMenu.obj
         C:\Users\joemo\OneDrive\Documents\CPP_CW2016\/Debug\TDIntroState.obj
         C:\Users\joemo\OneDrive\Documents\CPP_CW2016\/Debug\TDPlayState.obj
         C:\Users\joemo\OneDrive\Documents\CPP_CW2016\/Debug\TDState.obj
         C:\Users\joemo\OneDrive\Documents\CPP_CW2016\/Debug\TDStateManager.obj
         C:\Users\joemo\OneDrive\Documents\CPP_CW2016\/Debug\TDStrongEnemy.obj
         C:\Users\joemo\OneDrive\Documents\CPP_CW2016\/Debug\TDTileManager.obj
         C:\Users\joemo\OneDrive\Documents\CPP_CW2016\/Debug\TileManager.obj
         C:\Users\joemo\OneDrive\Documents\CPP_CW2016\/Debug\BouncingBall.obj
         C:\Users\joemo\OneDrive\Documents\CPP_CW2016\/Debug\BouncingBallMain.obj
         C:\Users\joemo\OneDrive\Documents\CPP_CW2016\/Debug\Demo1Main.obj
         C:\Users\joemo\OneDrive\Documents\CPP_CW2016\/Debug\Demo2Main.obj
         C:\Users\joemo\OneDrive\Documents\CPP_CW2016\/Debug\Demo2Object.obj
         C:\Users\joemo\OneDrive\Documents\CPP_CW2016\/Debug\Demo2TileManager.obj
         C:\Users\joemo\OneDrive\Documents\CPP_CW2016\/Debug\Demo3Main.obj
         C:\Users\joemo\OneDrive\Documents\CPP_CW2016\/Debug\Demo3Object.obj
         C:\Users\joemo\OneDrive\Documents\CPP_CW2016\/Debug\Demo3ObjectFinished.obj
         C:\Users\joemo\OneDrive\Documents\CPP_CW2016\/Debug\Demo3TileManager.obj
         C:\Users\joemo\OneDrive\Documents\CPP_CW2016\/Debug\Demo4Main.obj
         C:\Users\joemo\OneDrive\Documents\CPP_CW2016\/Debug\Demo4Object.obj
         C:\Users\joemo\OneDrive\Documents\CPP_CW2016\/Debug\Demo4TileManager.obj
         CourseworkBase.vcxproj -> C:\Users\joemo\OneDrive\Documents\CPP_CW2016\/Debug\CourseworkBase.exe
     1>Done Building Project "C:\Users\joemo\OneDrive\Documents\CPP_CW2016\src\CourseworkBase.vcxproj" (Build target(s)).

Build succeeded.

Time Elapsed 00:00:04.77
