c:\users\joemo\onedrive\documents\cpp_cw2016\debug\courseworkbase.bsc
c:\users\joemo\onedrive\documents\cpp_cw2016\debug\vc120.pdb
c:\users\joemo\onedrive\documents\cpp_cw2016\debug\vc120.idb
c:\users\joemo\onedrive\documents\cpp_cw2016\debug\demobobject.sbr
c:\users\joemo\onedrive\documents\cpp_cw2016\debug\mainfunction.sbr
c:\users\joemo\onedrive\documents\cpp_cw2016\debug\baseengine.sbr
c:\users\joemo\onedrive\documents\cpp_cw2016\debug\displayableobject.sbr
c:\users\joemo\onedrive\documents\cpp_cw2016\debug\fontmanager.sbr
c:\users\joemo\onedrive\documents\cpp_cw2016\debug\jpgimage.sbr
c:\users\joemo\onedrive\documents\cpp_cw2016\debug\psyjm6enemy.sbr
c:\users\joemo\onedrive\documents\cpp_cw2016\debug\psyjm6enemysphere.sbr
c:\users\joemo\onedrive\documents\cpp_cw2016\debug\psyjm6engine.sbr
c:\users\joemo\onedrive\documents\cpp_cw2016\debug\psyjm6player.sbr
c:\users\joemo\onedrive\documents\cpp_cw2016\debug\psyjm6tilemanager.sbr
c:\users\joemo\onedrive\documents\cpp_cw2016\debug\simpledemo.sbr
c:\users\joemo\onedrive\documents\cpp_cw2016\debug\tilemanager.sbr
c:\users\joemo\onedrive\documents\cpp_cw2016\debug\bouncingball.sbr
c:\users\joemo\onedrive\documents\cpp_cw2016\debug\bouncingballmain.sbr
c:\users\joemo\onedrive\documents\cpp_cw2016\debug\demo1main.sbr
c:\users\joemo\onedrive\documents\cpp_cw2016\debug\demo2main.sbr
c:\users\joemo\onedrive\documents\cpp_cw2016\debug\demo2object.sbr
c:\users\joemo\onedrive\documents\cpp_cw2016\debug\demo2tilemanager.sbr
c:\users\joemo\onedrive\documents\cpp_cw2016\debug\demo3main.sbr
c:\users\joemo\onedrive\documents\cpp_cw2016\debug\demo3main.obj
c:\users\joemo\onedrive\documents\cpp_cw2016\debug\demo2tilemanager.obj
c:\users\joemo\onedrive\documents\cpp_cw2016\debug\demo2object.obj
c:\users\joemo\onedrive\documents\cpp_cw2016\debug\demo2main.obj
c:\users\joemo\onedrive\documents\cpp_cw2016\debug\demo1main.obj
c:\users\joemo\onedrive\documents\cpp_cw2016\debug\bouncingballmain.obj
c:\users\joemo\onedrive\documents\cpp_cw2016\debug\bouncingball.obj
c:\users\joemo\onedrive\documents\cpp_cw2016\debug\tilemanager.obj
c:\users\joemo\onedrive\documents\cpp_cw2016\debug\simpledemo.obj
c:\users\joemo\onedrive\documents\cpp_cw2016\debug\psyjm6tilemanager.obj
c:\users\joemo\onedrive\documents\cpp_cw2016\debug\psyjm6player.obj
c:\users\joemo\onedrive\documents\cpp_cw2016\debug\psyjm6engine.obj
c:\users\joemo\onedrive\documents\cpp_cw2016\debug\psyjm6enemysphere.obj
c:\users\joemo\onedrive\documents\cpp_cw2016\debug\psyjm6enemy.obj
c:\users\joemo\onedrive\documents\cpp_cw2016\debug\jpgimage.obj
c:\users\joemo\onedrive\documents\cpp_cw2016\debug\fontmanager.obj
c:\users\joemo\onedrive\documents\cpp_cw2016\debug\displayableobject.obj
c:\users\joemo\onedrive\documents\cpp_cw2016\debug\baseengine.obj
c:\users\joemo\onedrive\documents\cpp_cw2016\debug\mainfunction.obj
c:\users\joemo\onedrive\documents\cpp_cw2016\debug\demobobject.obj
c:\users\joemo\onedrive\documents\cpp_cw2016\debug\demo3object.sbr
c:\users\joemo\onedrive\documents\cpp_cw2016\debug\demo3objectfinished.sbr
c:\users\joemo\onedrive\documents\cpp_cw2016\debug\demo3tilemanager.sbr
c:\users\joemo\onedrive\documents\cpp_cw2016\debug\demo4main.sbr
c:\users\joemo\onedrive\documents\cpp_cw2016\debug\demo4object.sbr
c:\users\joemo\onedrive\documents\cpp_cw2016\debug\demo4tilemanager.sbr
c:\users\joemo\onedrive\documents\cpp_cw2016\debug\demo4tilemanager.obj
c:\users\joemo\onedrive\documents\cpp_cw2016\debug\demo4object.obj
c:\users\joemo\onedrive\documents\cpp_cw2016\debug\demo4main.obj
c:\users\joemo\onedrive\documents\cpp_cw2016\debug\demo3tilemanager.obj
c:\users\joemo\onedrive\documents\cpp_cw2016\debug\demo3objectfinished.obj
c:\users\joemo\onedrive\documents\cpp_cw2016\debug\demo3object.obj
c:\users\joemo\onedrive\documents\cpp_cw2016\debug\tdplaystate.sbr
c:\users\joemo\onedrive\documents\cpp_cw2016\debug\tdplaystate.obj
c:\users\joemo\onedrive\documents\cpp_cw2016\debug\tdintrostate.sbr
c:\users\joemo\onedrive\documents\cpp_cw2016\debug\tdintrostate.obj
c:\users\joemo\onedrive\documents\cpp_cw2016\debug\tdintromenu.sbr
c:\users\joemo\onedrive\documents\cpp_cw2016\debug\tdintromenu.obj
c:\users\joemo\onedrive\documents\cpp_cw2016\debug\tdbasetower.sbr
c:\users\joemo\onedrive\documents\cpp_cw2016\debug\tdbasetower.obj
c:\users\joemo\onedrive\documents\cpp_cw2016\debug\tdtilemanager.sbr
c:\users\joemo\onedrive\documents\cpp_cw2016\debug\tdtilemanager.obj
c:\users\joemo\onedrive\documents\cpp_cw2016\debug\tdbaseenemy.sbr
c:\users\joemo\onedrive\documents\cpp_cw2016\debug\tdbaseenemy.obj
c:\users\joemo\onedrive\documents\cpp_cw2016\debug\tdbullet.sbr
c:\users\joemo\onedrive\documents\cpp_cw2016\debug\tdbullet.obj
c:\users\joemo\onedrive\documents\cpp_cw2016\debug\tdstate.sbr
c:\users\joemo\onedrive\documents\cpp_cw2016\debug\tdstate.obj
c:\users\joemo\onedrive\documents\cpp_cw2016\debug\courseworkbase.ilk
c:\users\joemo\onedrive\documents\cpp_cw2016\debug\courseworkbase.exe
c:\users\joemo\onedrive\documents\cpp_cw2016\src\map
c:\users\joemo\onedrive\documents\cpp_cw2016\debug\courseworkbase.pdb
c:\users\joemo\onedrive\documents\cpp_cw2016\debug\demoamain.obj
c:\users\joemo\onedrive\documents\cpp_cw2016\debug\psyjm6tower.obj
c:\users\joemo\onedrive\documents\cpp_cw2016\debug\scoretext.obj
c:\users\joemo\onedrive\documents\cpp_cw2016\debug\vc140.idb
c:\users\joemo\onedrive\documents\cpp_cw2016\debug\vc140.pdb
c:\users\joemo\onedrive\documents\cpp_cw2016\debug\demoamain.sbr
c:\users\joemo\onedrive\documents\cpp_cw2016\debug\psyjm6tower.sbr
c:\users\joemo\onedrive\documents\cpp_cw2016\debug\scoretext.sbr
c:\users\joemo\onedrive\documents\cpp_cw2016\/debug\courseworkbase.pdb
c:\users\joemo\onedrive\documents\cpp_cw2016\/debug\courseworkbase.exe
c:\users\joemo\onedrive\documents\cpp_cw2016\/debug\courseworkbase.bsc
c:\users\joemo\onedrive\documents\cpp_cw2016\/debug\courseworkbase.ilk
c:\users\joemo\onedrive\documents\cpp_cw2016\debug\courseworkbase.tlog\bscmake.command.1.tlog
c:\users\joemo\onedrive\documents\cpp_cw2016\debug\courseworkbase.tlog\bscmake.read.1.tlog
c:\users\joemo\onedrive\documents\cpp_cw2016\debug\courseworkbase.tlog\bscmake.write.1.tlog
c:\users\joemo\onedrive\documents\cpp_cw2016\debug\courseworkbase.tlog\cl.command.1.tlog
c:\users\joemo\onedrive\documents\cpp_cw2016\debug\courseworkbase.tlog\cl.read.1.tlog
c:\users\joemo\onedrive\documents\cpp_cw2016\debug\courseworkbase.tlog\cl.write.1.tlog
c:\users\joemo\onedrive\documents\cpp_cw2016\debug\courseworkbase.tlog\link.command.1.tlog
c:\users\joemo\onedrive\documents\cpp_cw2016\debug\courseworkbase.tlog\link.read.1.tlog
c:\users\joemo\onedrive\documents\cpp_cw2016\debug\courseworkbase.tlog\link.write.1.tlog
